Determining if the pthread_create exist failed with the following output:
Change Dir: /home/michael/文档/C++Projects/RMCV/choose_color/cmake-build-debug/CMakeFiles/CMakeTmp

Run Build Command:"/usr/bin/make" "cmTC_920f3/fast"
/usr/bin/make -f CMakeFiles/cmTC_920f3.dir/build.make CMakeFiles/cmTC_920f3.dir/build
make[1]: Entering directory '/home/michael/文档/C++Projects/RMCV/choose_color/cmake-build-debug/CMakeFiles/CMakeTmp'
Building C object CMakeFiles/cmTC_920f3.dir/CheckSymbolExists.c.o
/usr/bin/cc   -fPIC    -o CMakeFiles/cmTC_920f3.dir/CheckSymbolExists.c.o   -c /home/michael/文档/C++Projects/RMCV/choose_color/cmake-build-debug/CMakeFiles/CMakeTmp/CheckSymbolExists.c
Linking C executable cmTC_920f3
/usr/local/clion-2017.2.3/bin/cmake/bin/cmake -E cmake_link_script CMakeFiles/cmTC_920f3.dir/link.txt --verbose=1
/usr/bin/cc -fPIC     -rdynamic CMakeFiles/cmTC_920f3.dir/CheckSymbolExists.c.o  -o cmTC_920f3 
CMakeFiles/cmTC_920f3.dir/CheckSymbolExists.c.o：在函数‘main’中：
CheckSymbolExists.c:(.text+0x1b)：对‘pthread_create’未定义的引用
collect2: error: ld returned 1 exit status
CMakeFiles/cmTC_920f3.dir/build.make:97: recipe for target 'cmTC_920f3' failed
make[1]: *** [cmTC_920f3] Error 1
make[1]: Leaving directory '/home/michael/文档/C++Projects/RMCV/choose_color/cmake-build-debug/CMakeFiles/CMakeTmp'
Makefile:126: recipe for target 'cmTC_920f3/fast' failed
make: *** [cmTC_920f3/fast] Error 2

File /home/michael/文档/C++Projects/RMCV/choose_color/cmake-build-debug/CMakeFiles/CMakeTmp/CheckSymbolExists.c:
/* */
#include <pthread.h>

int main(int argc, char** argv)
{
  (void)argv;
#ifndef pthread_create
  return ((int*)(&pthread_create))[argc];
#else
  (void)argc;
  return 0;
#endif
}

Determining if the function pthread_create exists in the pthreads failed with the following output:
Change Dir: /home/michael/文档/C++Projects/RMCV/choose_color/cmake-build-debug/CMakeFiles/CMakeTmp

Run Build Command:"/usr/bin/make" "cmTC_66820/fast"
/usr/bin/make -f CMakeFiles/cmTC_66820.dir/build.make CMakeFiles/cmTC_66820.dir/build
make[1]: Entering directory '/home/michael/文档/C++Projects/RMCV/choose_color/cmake-build-debug/CMakeFiles/CMakeTmp'
Building C object CMakeFiles/cmTC_66820.dir/CheckFunctionExists.c.o
/usr/bin/cc   -fPIC -DCHECK_FUNCTION_EXISTS=pthread_create   -o CMakeFiles/cmTC_66820.dir/CheckFunctionExists.c.o   -c /usr/local/clion-2017.2.3/bin/cmake/share/cmake-3.8/Modules/CheckFunctionExists.c
Linking C executable cmTC_66820
/usr/local/clion-2017.2.3/bin/cmake/bin/cmake -E cmake_link_script CMakeFiles/cmTC_66820.dir/link.txt --verbose=1
/usr/bin/cc -fPIC -DCHECK_FUNCTION_EXISTS=pthread_create    -rdynamic CMakeFiles/cmTC_66820.dir/CheckFunctionExists.c.o  -o cmTC_66820 -lpthreads 
/usr/bin/ld: 找不到 -lpthreads
collect2: error: ld returned 1 exit status
CMakeFiles/cmTC_66820.dir/build.make:97: recipe for target 'cmTC_66820' failed
make[1]: *** [cmTC_66820] Error 1
make[1]: Leaving directory '/home/michael/文档/C++Projects/RMCV/choose_color/cmake-build-debug/CMakeFiles/CMakeTmp'
Makefile:126: recipe for target 'cmTC_66820/fast' failed
make: *** [cmTC_66820/fast] Error 2


