Determining if the pthread_create exist failed with the following output:
Change Dir: /home/michael/文档/C++Projects/RMCV/cascade_visualisation/CMakeFiles/CMakeTmp

Run Build Command:"/usr/bin/make" "cmTC_8cdfa/fast"
/usr/bin/make -f CMakeFiles/cmTC_8cdfa.dir/build.make CMakeFiles/cmTC_8cdfa.dir/build
make[1]: Entering directory '/home/michael/文档/C++Projects/RMCV/cascade_visualisation/CMakeFiles/CMakeTmp'
Building C object CMakeFiles/cmTC_8cdfa.dir/CheckSymbolExists.c.o
/usr/bin/cc    -fPIC    -o CMakeFiles/cmTC_8cdfa.dir/CheckSymbolExists.c.o   -c /home/michael/文档/C++Projects/RMCV/cascade_visualisation/CMakeFiles/CMakeTmp/CheckSymbolExists.c
Linking C executable cmTC_8cdfa
/usr/bin/cmake -E cmake_link_script CMakeFiles/cmTC_8cdfa.dir/link.txt --verbose=1
/usr/bin/cc  -fPIC     CMakeFiles/cmTC_8cdfa.dir/CheckSymbolExists.c.o  -o cmTC_8cdfa -rdynamic 
CMakeFiles/cmTC_8cdfa.dir/CheckSymbolExists.c.o：在函数‘main’中：
CheckSymbolExists.c:(.text+0x1b)：对‘pthread_create’未定义的引用
collect2: error: ld returned 1 exit status
CMakeFiles/cmTC_8cdfa.dir/build.make:97: recipe for target 'cmTC_8cdfa' failed
make[1]: *** [cmTC_8cdfa] Error 1
make[1]: Leaving directory '/home/michael/文档/C++Projects/RMCV/cascade_visualisation/CMakeFiles/CMakeTmp'
Makefile:126: recipe for target 'cmTC_8cdfa/fast' failed
make: *** [cmTC_8cdfa/fast] Error 2

File /home/michael/文档/C++Projects/RMCV/cascade_visualisation/CMakeFiles/CMakeTmp/CheckSymbolExists.c:
/* */
#include <pthread.h>

int main(int argc, char** argv)
{
  (void)argv;
#ifndef pthread_create
  return ((int*)(&pthread_create))[argc];
#else
  (void)argc;
  return 0;
#endif
}

Determining if the function pthread_create exists in the pthreads failed with the following output:
Change Dir: /home/michael/文档/C++Projects/RMCV/cascade_visualisation/CMakeFiles/CMakeTmp

Run Build Command:"/usr/bin/make" "cmTC_3ed7e/fast"
/usr/bin/make -f CMakeFiles/cmTC_3ed7e.dir/build.make CMakeFiles/cmTC_3ed7e.dir/build
make[1]: Entering directory '/home/michael/文档/C++Projects/RMCV/cascade_visualisation/CMakeFiles/CMakeTmp'
Building C object CMakeFiles/cmTC_3ed7e.dir/CheckFunctionExists.c.o
/usr/bin/cc    -fPIC -DCHECK_FUNCTION_EXISTS=pthread_create   -o CMakeFiles/cmTC_3ed7e.dir/CheckFunctionExists.c.o   -c /usr/share/cmake-3.5/Modules/CheckFunctionExists.c
Linking C executable cmTC_3ed7e
/usr/bin/cmake -E cmake_link_script CMakeFiles/cmTC_3ed7e.dir/link.txt --verbose=1
/usr/bin/cc  -fPIC -DCHECK_FUNCTION_EXISTS=pthread_create    CMakeFiles/cmTC_3ed7e.dir/CheckFunctionExists.c.o  -o cmTC_3ed7e -rdynamic -lpthreads 
/usr/bin/ld: 找不到 -lpthreads
collect2: error: ld returned 1 exit status
CMakeFiles/cmTC_3ed7e.dir/build.make:97: recipe for target 'cmTC_3ed7e' failed
make[1]: *** [cmTC_3ed7e] Error 1
make[1]: Leaving directory '/home/michael/文档/C++Projects/RMCV/cascade_visualisation/CMakeFiles/CMakeTmp'
Makefile:126: recipe for target 'cmTC_3ed7e/fast' failed
make: *** [cmTC_3ed7e/fast] Error 2


