Determining if the pthread_create exist failed with the following output:
Change Dir: /home/michael/文档/C++Projects/RMCV/camshift/cmake-build-debug/CMakeFiles/CMakeTmp

Run Build Command:"/usr/bin/make" "cmTC_1b2cf/fast"
/usr/bin/make -f CMakeFiles/cmTC_1b2cf.dir/build.make CMakeFiles/cmTC_1b2cf.dir/build
make[1]: Entering directory '/home/michael/文档/C++Projects/RMCV/camshift/cmake-build-debug/CMakeFiles/CMakeTmp'
Building C object CMakeFiles/cmTC_1b2cf.dir/CheckSymbolExists.c.o
/usr/bin/cc   -fPIC    -o CMakeFiles/cmTC_1b2cf.dir/CheckSymbolExists.c.o   -c /home/michael/文档/C++Projects/RMCV/camshift/cmake-build-debug/CMakeFiles/CMakeTmp/CheckSymbolExists.c
Linking C executable cmTC_1b2cf
/usr/local/clion-2017.2.3/bin/cmake/bin/cmake -E cmake_link_script CMakeFiles/cmTC_1b2cf.dir/link.txt --verbose=1
/usr/bin/cc -fPIC     CMakeFiles/cmTC_1b2cf.dir/CheckSymbolExists.c.o  -o cmTC_1b2cf 
CMakeFiles/cmTC_1b2cf.dir/CheckSymbolExists.c.o：在函数‘main’中：
CheckSymbolExists.c:(.text+0x1b)：对‘pthread_create’未定义的引用
collect2: error: ld returned 1 exit status
CMakeFiles/cmTC_1b2cf.dir/build.make:97: recipe for target 'cmTC_1b2cf' failed
make[1]: *** [cmTC_1b2cf] Error 1
make[1]: Leaving directory '/home/michael/文档/C++Projects/RMCV/camshift/cmake-build-debug/CMakeFiles/CMakeTmp'
Makefile:126: recipe for target 'cmTC_1b2cf/fast' failed
make: *** [cmTC_1b2cf/fast] Error 2

File /home/michael/文档/C++Projects/RMCV/camshift/cmake-build-debug/CMakeFiles/CMakeTmp/CheckSymbolExists.c:
/* */
#include <pthread.h>

int main(int argc, char** argv)
{
  (void)argv;
#ifndef pthread_create
  return ((int*)(&pthread_create))[argc];
#else
  (void)argc;
  return 0;
#endif
}

Determining if the function pthread_create exists in the pthreads failed with the following output:
Change Dir: /home/michael/文档/C++Projects/RMCV/camshift/cmake-build-debug/CMakeFiles/CMakeTmp

Run Build Command:"/usr/bin/make" "cmTC_6ab0d/fast"
/usr/bin/make -f CMakeFiles/cmTC_6ab0d.dir/build.make CMakeFiles/cmTC_6ab0d.dir/build
make[1]: Entering directory '/home/michael/文档/C++Projects/RMCV/camshift/cmake-build-debug/CMakeFiles/CMakeTmp'
Building C object CMakeFiles/cmTC_6ab0d.dir/CheckFunctionExists.c.o
/usr/bin/cc   -fPIC -DCHECK_FUNCTION_EXISTS=pthread_create   -o CMakeFiles/cmTC_6ab0d.dir/CheckFunctionExists.c.o   -c /usr/local/clion-2017.2.3/bin/cmake/share/cmake-3.8/Modules/CheckFunctionExists.c
Linking C executable cmTC_6ab0d
/usr/local/clion-2017.2.3/bin/cmake/bin/cmake -E cmake_link_script CMakeFiles/cmTC_6ab0d.dir/link.txt --verbose=1
/usr/bin/cc -fPIC -DCHECK_FUNCTION_EXISTS=pthread_create    CMakeFiles/cmTC_6ab0d.dir/CheckFunctionExists.c.o  -o cmTC_6ab0d -lpthreads 
/usr/bin/ld: 找不到 -lpthreads
collect2: error: ld returned 1 exit status
CMakeFiles/cmTC_6ab0d.dir/build.make:97: recipe for target 'cmTC_6ab0d' failed
make[1]: *** [cmTC_6ab0d] Error 1
make[1]: Leaving directory '/home/michael/文档/C++Projects/RMCV/camshift/cmake-build-debug/CMakeFiles/CMakeTmp'
Makefile:126: recipe for target 'cmTC_6ab0d/fast' failed
make: *** [cmTC_6ab0d/fast] Error 2


